<?xml version="1.0" encoding="UTF-8"?>
<!-- Generated by org.testng.reporters.JUnitXMLReporter -->
<testsuite hostname="LAPTOP-1E6IT8BI" ignored="0" name="Test" tests="7" failures="0" timestamp="2020-10-04T10:31:04 EDT" time="74.416" errors="0">
  <testcase name="openAppTest" time="9.88" classname="Journeys.TechnicalAssesment.emulator"/>
  <testcase name="registrationPageTest" time="21.878" classname="Journeys.TechnicalAssesment.emulator"/>
  <testcase name="alreadyHaveAnAccountPageTest" time="10.25" classname="Journeys.TechnicalAssesment.emulator"/>
  <testcase name="profileTest" time="13.052" classname="Journeys.TechnicalAssesment.emulator"/>
  <testcase name="timelineTest" time="7.128" classname="Journeys.TechnicalAssesment.emulator"/>
  <testcase name="parkingLocations" time="8.994" classname="Journeys.TechnicalAssesment.emulator"/>
  <testcase name="settingsTest" time="3.188" classname="Journeys.TechnicalAssesment.emulator"/>
</testsuite> <!-- Test -->
