<?xml version="1.0" encoding="UTF-8"?>
<!-- Generated by org.testng.reporters.JUnitXMLReporter -->
<testsuite hostname="LAPTOP-0ADUSHPK" ignored="0" name="Test" tests="6" failures="0" timestamp="2020-09-26T23:10:23 EDT" time="85.814" errors="0">
  <testcase name="registrationPageTest" time="26.325" classname="Test.emulator"/>
  <testcase name="alreadyHaveAnAccountPageTest" time="17.493" classname="Test.emulator"/>
  <testcase name="profileTest" time="12.979" classname="Test.emulator"/>
  <testcase name="timelineTest" time="7.238" classname="Test.emulator"/>
  <testcase name="parkingLocations" time="9.216" classname="Test.emulator"/>
  <testcase name="settingsTest" time="3.299" classname="Test.emulator"/>
</testsuite> <!-- Test -->
