<?xml version="1.0" encoding="UTF-8"?>
<testng-results skipped="0" failed="0" ignored="0" total="7" passed="7">
  <reporter-output>
  </reporter-output>
  <suite name="Suite" duration-ms="74416" started-at="2020-10-04T10:29:50 EDT" finished-at="2020-10-04T10:31:04 EDT">
    <groups>
    </groups>
    <test name="Test" duration-ms="74416" started-at="2020-10-04T10:29:50 EDT" finished-at="2020-10-04T10:31:04 EDT">
      <class name="Journeys.TechnicalAssesment.emulator">
        <test-method status="PASS" signature="openAppTest()[pri:1, instance:Journeys.TechnicalAssesment.emulator@63753b6d]" name="openAppTest" duration-ms="9880" started-at="2020-10-04T10:29:50 EDT" finished-at="2020-10-04T10:30:00 EDT">
          <reporter-output>
          </reporter-output>
        </test-method> <!-- openAppTest -->
        <test-method status="PASS" signature="registrationPageTest()[pri:2, instance:Journeys.TechnicalAssesment.emulator@63753b6d]" name="registrationPageTest" duration-ms="21878" started-at="2020-10-04T10:30:00 EDT" finished-at="2020-10-04T10:30:22 EDT">
          <reporter-output>
          </reporter-output>
        </test-method> <!-- registrationPageTest -->
        <test-method status="PASS" signature="alreadyHaveAnAccountPageTest()[pri:3, instance:Journeys.TechnicalAssesment.emulator@63753b6d]" name="alreadyHaveAnAccountPageTest" duration-ms="10250" started-at="2020-10-04T10:30:22 EDT" finished-at="2020-10-04T10:30:32 EDT">
          <reporter-output>
          </reporter-output>
        </test-method> <!-- alreadyHaveAnAccountPageTest -->
        <test-method status="PASS" signature="profileTest()[pri:4, instance:Journeys.TechnicalAssesment.emulator@63753b6d]" name="profileTest" duration-ms="13052" started-at="2020-10-04T10:30:32 EDT" finished-at="2020-10-04T10:30:45 EDT">
          <reporter-output>
          </reporter-output>
        </test-method> <!-- profileTest -->
        <test-method status="PASS" signature="timelineTest()[pri:5, instance:Journeys.TechnicalAssesment.emulator@63753b6d]" name="timelineTest" duration-ms="7128" started-at="2020-10-04T10:30:45 EDT" finished-at="2020-10-04T10:30:52 EDT">
          <reporter-output>
          </reporter-output>
        </test-method> <!-- timelineTest -->
        <test-method status="PASS" signature="parkingLocations()[pri:6, instance:Journeys.TechnicalAssesment.emulator@63753b6d]" name="parkingLocations" duration-ms="8994" started-at="2020-10-04T10:30:52 EDT" finished-at="2020-10-04T10:31:01 EDT">
          <reporter-output>
          </reporter-output>
        </test-method> <!-- parkingLocations -->
        <test-method status="PASS" signature="settingsTest()[pri:7, instance:Journeys.TechnicalAssesment.emulator@63753b6d]" name="settingsTest" duration-ms="3188" started-at="2020-10-04T10:31:01 EDT" finished-at="2020-10-04T10:31:04 EDT">
          <reporter-output>
          </reporter-output>
        </test-method> <!-- settingsTest -->
      </class> <!-- Journeys.TechnicalAssesment.emulator -->
    </test> <!-- Test -->
  </suite> <!-- Suite -->
</testng-results>
