<?xml version="1.0" encoding="UTF-8"?>
<testsuite xmlns:xsi="http://www.w3.org/2001/XMLSchema-instance" xsi:noNamespaceSchemaLocation="https://maven.apache.org/surefire/maven-surefire-plugin/xsd/surefire-test-report-3.0.xsd" version="3.0" name="TestSuite" time="75.161" tests="7" errors="0" skipped="0" failures="0">
  <properties>
[...]
</properties>
  <testcase name="openAppTest" classname="Journeys.TechnicalAssesment.emulator" time="9.88">
    <system-err><![CDATA[Oct 04, 2020 10:30:00 AM io.appium.java_client.remote.AppiumCommandExecutor$1 lambda$0
INFO: Detected dialect: W3C
]]></system-err>
  </testcase>
  <testcase name="registrationPageTest" classname="Journeys.TechnicalAssesment.emulator" time="21.877"/>
  <testcase name="alreadyHaveAnAccountPageTest" classname="Journeys.TechnicalAssesment.emulator" time="10.251"/>
  <testcase name="profileTest" classname="Journeys.TechnicalAssesment.emulator" time="13.053"/>
  <testcase name="timelineTest" classname="Journeys.TechnicalAssesment.emulator" time="7.128"/>
  <testcase name="parkingLocations" classname="Journeys.TechnicalAssesment.emulator" time="8.993"/>
  <testcase name="settingsTest" classname="Journeys.TechnicalAssesment.emulator" time="3.188"/>
</testsuite>